[debug] [2021-05-24T08:44:37.661Z] ----------------------------------------------------------------------
[debug] [2021-05-24T08:44:37.663Z] Command:       /usr/local/bin/node /usr/local/bin/firebase init
[debug] [2021-05-24T08:44:37.663Z] CLI Version:   9.11.0
[debug] [2021-05-24T08:44:37.663Z] Platform:      linux
[debug] [2021-05-24T08:44:37.663Z] Node Version:  v14.16.0
[debug] [2021-05-24T08:44:37.664Z] Time:          Mon May 24 2021 14:14:37 GMT+0530 (India Standard Time)
[debug] [2021-05-24T08:44:37.664Z] ----------------------------------------------------------------------
[debug] 
[debug] [2021-05-24T08:44:37.673Z] > command requires scopes: ["email","openid","https://www.googleapis.com/auth/cloudplatformprojects.readonly","https://www.googleapis.com/auth/firebase","https://www.googleapis.com/auth/cloud-platform"]
[debug] [2021-05-24T08:44:37.673Z] > authorizing via signed-in user (sahilrajput03@gmail.com)
[info] 
     ######## #### ########  ######## ########     ###     ######  ########
     ##        ##  ##     ## ##       ##     ##  ##   ##  ##       ##
     ######    ##  ########  ######   ########  #########  ######  ######
     ##        ##  ##    ##  ##       ##     ## ##     ##       ## ##
     ##       #### ##     ## ######## ########  ##     ##  ######  ########

You're about to initialize a Firebase project in this directory:

  /home/array/Documents/github-repos-2021/learning-firebase/my-webapp1

[info] 
=== Project Setup
[info] 
[info] First, let's associate this project directory with a Firebase project.
[info] You can create multiple project aliases by running firebase use --add, 
[info] but for now we'll just set up a default project.
[info] 
[debug] [2021-05-24T08:44:47.639Z] >>> [apiv2][query] GET https://firebase.googleapis.com/v1beta1/projects pageSize=100
[debug] [2021-05-24T08:44:48.285Z] <<< [apiv2][status] GET https://firebase.googleapis.com/v1beta1/projects 200
[debug] [2021-05-24T08:44:48.285Z] <<< [apiv2][body] GET https://firebase.googleapis.com/v1beta1/projects [omitted]
[info] i  Using project cool-proj1 (cool-proj1) 
[info] 
=== Hosting Setup
[info] 
[info] Your public directory is the folder (relative to your project directory) that
[info] will contain Hosting assets to be uploaded with firebase deploy. If you
[info] have a build process for your assets, use your build's output directory.
[info] 
[info] ✔  Wrote public/404.html 
[debug] [2021-05-24T08:44:56.867Z] >>> [apiv2][query] GET https://www.gstatic.com/firebasejs/releases.json [none]
[debug] [2021-05-24T08:44:57.115Z] <<< [apiv2][status] GET https://www.gstatic.com/firebasejs/releases.json 200
[debug] [2021-05-24T08:44:57.116Z] <<< [apiv2][body] GET https://www.gstatic.com/firebasejs/releases.json {"current":{"version":"8.6.2","browserURL":"https://www.gstatic.com/firebasejs/8.6.2/firebase.js","packageURL":"https://www.gstatic.com/firebasejs/8.6.2/firebase.tgz"},"live":{"version":"8.6","browserURL":"https://www.gstatic.com/firebasejs/live/8.6/firebase.js","packageURL":"https://www.gstatic.com/firebasejs/live/8.6/firebase.tgz"},"components":{"analytics":"https://www.gstatic.com/firebasejs/8.6.2/firebase-analytics.js","app":"https://www.gstatic.com/firebasejs/8.6.2/firebase-app.js","app-check":"https://www.gstatic.com/firebasejs/8.6.2/firebase-app-check.js","auth":"https://www.gstatic.com/firebasejs/8.6.2/firebase-auth.js","database":"https://www.gstatic.com/firebasejs/8.6.2/firebase-database.js","firestore":"https://www.gstatic.com/firebasejs/8.6.2/firebase-firestore.js","functions":"https://www.gstatic.com/firebasejs/8.6.2/firebase-functions.js","installations":"https://www.gstatic.com/firebasejs/8.6.2/firebase-installations.js","messaging":"https://www.gstatic.com/firebasejs/8.6.2/firebase-messaging.js","storage":"https://www.gstatic.com/firebasejs/8.6.2/firebase-storage.js","performance":"https://www.gstatic.com/firebasejs/8.6.2/firebase-performance.js","remote-config":"https://www.gstatic.com/firebasejs/8.6.2/firebase-remote-config.js","firestore.memory":"https://www.gstatic.com/firebasejs/8.6.2/firebase-firestore.memory.js"}}
[info] i  Skipping write of public/index.html 
[info] 
[info] i  Detected a .git folder at /home/array/Documents/github-repos-2021/learning-firebase 
[info] i  Authorizing with GitHub to upload your service account to a GitHub repository's secrets store. 
[info] 
[info] Visit this URL on this device to log in:
[info] https://github.com/login/oauth/authorize?client_id=89cf50f02ac6aaed3484&state=518342398&redirect_uri=http%3A%2F%2Flocalhost%3A9005&scope=read%3Auser%20repo%20public_repo
[info] 
[info] Waiting for authentication...
[debug] [2021-05-24T08:45:05.129Z] >>> HTTP REQUEST POST https://github.com/login/oauth/access_token  
 {"client_id":"89cf50f02ac6aaed3484","client_secret":"3330d14abc895d9a74d5f17cd7a00711fa2c5bf0","code":"4504f7710950607f81ee","redirect_uri":"http://localhost:9005","state":"518342398"}
[debug] [2021-05-24T08:45:05.620Z] <<< HTTP RESPONSE 200 {"server":"GitHub.com","date":"Mon, 24 May 2021 08:45:05 GMT","content-type":"application/json; charset=utf-8","transfer-encoding":"chunked","vary":"X-PJAX, Accept-Encoding, Accept, X-Requested-With","permissions-policy":"interest-cohort=()","etag":"W/\"abfacf88cd28368ca060f33d11078618\"","cache-control":"max-age=0, private, must-revalidate","strict-transport-security":"max-age=31536000; includeSubdomains; preload","x-frame-options":"deny","x-content-type-options":"nosniff","x-xss-protection":"0","referrer-policy":"origin-when-cross-origin, strict-origin-when-cross-origin","expect-ct":"max-age=2592000, report-uri=\"https://api.github.com/_private/browser/errors\"","content-security-policy":"default-src 'none'; base-uri 'self'; block-all-mixed-content; connect-src 'self' uploads.github.com www.githubstatus.com collector.githubapp.com api.github.com github-cloud.s3.amazonaws.com github-production-repository-file-5c1aeb.s3.amazonaws.com github-production-upload-manifest-file-7fdce7.s3.amazonaws.com github-production-user-asset-6210df.s3.amazonaws.com cdn.optimizely.com logx.optimizely.com/v1/events wss://alive.github.com; font-src github.githubassets.com; form-action 'self' github.com gist.github.com; frame-ancestors 'none'; frame-src render.githubusercontent.com; img-src 'self' data: github.githubassets.com identicons.github.com collector.githubapp.com github-cloud.s3.amazonaws.com secured-user-images.githubusercontent.com/ *.githubusercontent.com; manifest-src 'self'; media-src 'none'; script-src github.githubassets.com; style-src 'unsafe-inline' github.githubassets.com; worker-src github.com/socket-worker-3f088aa2.js gist.github.com/socket-worker-3f088aa2.js","x-github-request-id":"C754:780F:5057BB:57E717:60AB6791"}
[debug] [2021-05-24T08:45:05.635Z] >>> [apiv2][query] GET https://api.github.com/user [none]
[debug] [2021-05-24T08:45:07.122Z] <<< [apiv2][status] GET https://api.github.com/user 200
[debug] [2021-05-24T08:45:07.123Z] <<< [apiv2][body] GET https://api.github.com/user {"login":"sahilrajput03","id":31458531,"node_id":"MDQ6VXNlcjMxNDU4NTMx","avatar_url":"https://avatars.githubusercontent.com/u/31458531?v=4","gravatar_id":"","url":"https://api.github.com/users/sahilrajput03","html_url":"https://github.com/sahilrajput03","followers_url":"https://api.github.com/users/sahilrajput03/followers","following_url":"https://api.github.com/users/sahilrajput03/following{/other_user}","gists_url":"https://api.github.com/users/sahilrajput03/gists{/gist_id}","starred_url":"https://api.github.com/users/sahilrajput03/starred{/owner}{/repo}","subscriptions_url":"https://api.github.com/users/sahilrajput03/subscriptions","organizations_url":"https://api.github.com/users/sahilrajput03/orgs","repos_url":"https://api.github.com/users/sahilrajput03/repos","events_url":"https://api.github.com/users/sahilrajput03/events{/privacy}","received_events_url":"https://api.github.com/users/sahilrajput03/received_events","type":"User","site_admin":false,"name":"Sahil Rajput","company":"www.JaaduJinn.ml","blog":"JaaduJinn.ml","location":"Heart, Wisdom, Knowledge","email":"sahilrajput03@gmail.com","hireable":true,"bio":"~ going towards the core of web technologies • discovering infite web • engineering the inside • soaking the truth","twitter_username":"freakstarrocks","public_repos":329,"public_gists":92,"followers":14,"following":47,"created_at":"2017-08-29T23:50:58Z","updated_at":"2021-05-24T08:42:36Z","private_gists":108,"total_private_repos":6,"owned_private_repos":6,"disk_usage":1779279,"collaborators":0,"two_factor_authentication":false,"plan":{"name":"free","space":976562499,"collaborators":0,"private_repos":10000}}
[info] 
[info] ✔  Success! Logged into GitHub as sahilrajput03 
[info] 
